commit hash: c847df04d18bf439ff90d969c0829ebe32ec90f1
diff --git a/asr_model.nemo b/asr_model.nemo
index eadf2ea..0817cf1 100644
Binary files a/asr_model.nemo and b/asr_model.nemo differ
diff --git a/audio/greta1/data_manifest.json b/audio/greta1/data_manifest.json
deleted file mode 100644
index 3fb0354..0000000
--- a/audio/greta1/data_manifest.json
+++ /dev/null
@@ -1,14 +0,0 @@
-{"audio_filepath": "/home/giolinux/NLP_Project/audio/greta1/greta1_vola.wav", "duration": 0.750375, "label": "vola"}
-{"audio_filepath": "/home/giolinux/NLP_Project/audio/greta1/greta1_esci.wav", "duration": 0.7803125, "label": "esci"}
-{"audio_filepath": "/home/giolinux/NLP_Project/audio/greta1/greta1_giu.wav", "duration": 0.6455625, "label": "giu"}
-{"audio_filepath": "/home/giolinux/NLP_Project/audio/greta1/greta1_cammina.wav", "duration": 0.8533125, "label": "cammina"}
-{"audio_filepath": "/home/giolinux/NLP_Project/audio/greta1/greta1_indietro.wav", "duration": 0.94875, "label": "indietro"}
-{"audio_filepath": "/home/giolinux/NLP_Project/audio/greta1/greta1_salta.wav", "duration": 0.80275, "label": "salta"}
-{"audio_filepath": "/home/giolinux/NLP_Project/audio/greta1/greta1_fermo.wav", "duration": 0.6755625, "label": "fermo"}
-{"audio_filepath": "/home/giolinux/NLP_Project/audio/greta1/greta1_sinistra.wav", "duration": 0.885125, "label": "sinistra"}
-{"audio_filepath": "/home/giolinux/NLP_Project/audio/greta1/greta1_avanti.wav", "duration": 0.88325, "label": "avanti"}
-{"audio_filepath": "/home/giolinux/NLP_Project/audio/greta1/greta1_destra.wav", "duration": 0.8345625, "label": "destra"}
-{"audio_filepath": "/home/giolinux/NLP_Project/audio/greta1/greta1_pausa.wav", "duration": 0.873875, "label": "pausa"}
-{"audio_filepath": "/home/giolinux/NLP_Project/audio/greta1/greta1_su.wav", "duration": 0.67175, "label": "su"}
-{"audio_filepath": "/home/giolinux/NLP_Project/audio/greta1/greta1_corri.wav", "duration": 0.5950625, "label": "corri"}
-{"audio_filepath": "/home/giolinux/NLP_Project/audio/greta1/greta1_continua.wav", "duration": 0.877625, "label": "continua"}
diff --git a/config.yaml b/config.yaml
index 76bf5b6..591d03e 100644
--- a/config.yaml
+++ b/config.yaml
@@ -1,21 +1,21 @@
-name: AudioClassificationModel
+name: ASR_Project
 model:
   sample_rate: 16000
-  labels:
+  labels:  # Definizione globale di etichette
     - avanti
+    - indietro
+    - sinistra
+    - destra
     - cammina
-    - continua
     - corri
-    - destra
-    - esci
     - fermo
-    - giu
-    - indietro
-    - pausa
     - salta
-    - sinistra
-    - su
     - vola
+    - su
+    - giu
+    - pausa
+    - continua
+    - esci
 
   preprocessor:
     cls: nemo.collections.asr.modules.AudioToMelSpectrogramPreprocessor
@@ -31,21 +31,21 @@ model:
     cls: nemo.collections.asr.modules.ConvASREncoder
     params:
       jasper:
-        - filters: 256
-          repeat: 1
-          kernel: [11]
+        - filters: 1024
+          repeat: 2
+          kernel: [13]
           stride: [1]
           dilation: [1]
-          dropout: 0.2
-          residual: false
+          dropout: 0.5
           separable: true
+          residual: true
       activation: "relu"
       feat_in: 64
 
   decoder:
     cls: nemo.collections.asr.modules.ConvASRDecoderClassification
     params:
-      feat_in: 256
+      feat_in: 1024
       num_classes: 14
 
   train_ds:
@@ -53,51 +53,61 @@ model:
     batch_size: 16
     shuffle: true
     num_workers: 4
-    sample_rate: 16000  # Aggiungi questa riga
-    labels:
+    sample_rate: 16000
+    labels:  # Definizione locale per train_ds
       - avanti
+      - indietro
+      - sinistra
+      - destra
       - cammina
-      - continua
       - corri
-      - destra
-      - esci
       - fermo
-      - giu
-      - indietro
-      - pausa
       - salta
-      - sinistra
-      - su
       - vola
+      - su
+      - giu
+      - pausa
+      - continua
+      - esci
 
   validation_ds:
     manifest_filepath: "/home/giolinux/NLP_Project/val_manifest.json"
     batch_size: 16
     shuffle: false
     num_workers: 4
-    sample_rate: 16000  # Aggiungi questa riga
-    labels:
+    sample_rate: 16000
+    labels:  # Definizione locale per validation_ds
       - avanti
+      - indietro
+      - sinistra
+      - destra
       - cammina
-      - continua
       - corri
-      - destra
-      - esci
       - fermo
-      - giu
-      - indietro
-      - pausa
       - salta
-      - sinistra
-      - su
       - vola
+      - su
+      - giu
+      - pausa
+      - continua
+      - esci
+
+optim:
+  name: adamw
+  lr: 0.0001  # Ridotto per apprendimento più stabile
+  sched:
+    name: ReduceLROnPlateau
+    factor: 0.5   # Riduce il learning rate della metà
+    patience: 3   # Dopo 3 epoche senza miglioramenti
 
-  optim:
-    name: "adam"
-    lr: 0.001
 
 trainer:
-  accelerator: "gpu"  # Usa "cpu" se non hai una GPU
+  max_epochs: 30
+  accelerator: gpu
   devices: 1
-  max_epochs: 10
-  logger: true
+
+exp_manager:
+  exp_dir: ./experiments
+  name: asr_experiment
+  create_tensorboard_logger: True
+  create_checkpoint_callback: False
diff --git a/lightning_logs/version_0/checkpoints/epoch=9-step=10.ckpt b/lightning_logs/version_0/checkpoints/epoch=9-step=10.ckpt
deleted file mode 100644
index e33b973..0000000
Binary files a/lightning_logs/version_0/checkpoints/epoch=9-step=10.ckpt and /dev/null differ
diff --git a/lightning_logs/version_0/events.out.tfevents.1731255732.Cyber-Gio.29719.0 b/lightning_logs/version_0/events.out.tfevents.1731255732.Cyber-Gio.29719.0
deleted file mode 100644
index 86526da..0000000
Binary files a/lightning_logs/version_0/events.out.tfevents.1731255732.Cyber-Gio.29719.0 and /dev/null differ
diff --git a/lightning_logs/version_0/hparams.yaml b/lightning_logs/version_0/hparams.yaml
deleted file mode 100644
index cfd63e0..0000000
--- a/lightning_logs/version_0/hparams.yaml
+++ /dev/null
@@ -1,92 +0,0 @@
-cfg:
-  sample_rate: 16000
-  labels:
-  - avanti
-  - cammina
-  - continua
-  - corri
-  - destra
-  - esci
-  - fermo
-  - giu
-  - indietro
-  - pausa
-  - salta
-  - sinistra
-  - su
-  - vola
-  preprocessor:
-    _target_: nemo.collections.asr.modules.AudioToMelSpectrogramPreprocessor
-    sample_rate: 16000
-    window_size: 0.02
-    window_stride: 0.01
-    n_fft: 320
-    features: 64
-    normalize: per_feature
-  encoder:
-    _target_: nemo.collections.asr.modules.ConvASREncoder
-    jasper:
-    - filters: 256
-      repeat: 1
-      kernel:
-      - 11
-      stride:
-      - 1
-      dilation:
-      - 1
-      dropout: 0.2
-      residual: false
-      separable: true
-    activation: relu
-    feat_in: 64
-  decoder:
-    _target_: nemo.collections.asr.modules.ConvASRDecoderClassification
-    feat_in: 256
-    num_classes: 14
-  train_ds:
-    manifest_filepath: /home/giolinux/NLP_Project/train_manifest.json
-    batch_size: 16
-    shuffle: true
-    num_workers: 4
-    sample_rate: 16000
-    labels:
-    - avanti
-    - cammina
-    - continua
-    - corri
-    - destra
-    - esci
-    - fermo
-    - giu
-    - indietro
-    - pausa
-    - salta
-    - sinistra
-    - su
-    - vola
-  validation_ds:
-    manifest_filepath: /home/giolinux/NLP_Project/val_manifest.json
-    batch_size: 16
-    shuffle: false
-    num_workers: 4
-    sample_rate: 16000
-    labels:
-    - avanti
-    - cammina
-    - continua
-    - corri
-    - destra
-    - esci
-    - fermo
-    - giu
-    - indietro
-    - pausa
-    - salta
-    - sinistra
-    - su
-    - vola
-  optim:
-    name: adam
-    lr: 0.001
-  target: nemo.collections.asr.models.classification_models.EncDecClassificationModel
-  nemo_version: 1.23.0
diff --git a/src/evaluate_model.py b/src/evaluate_model.py
index ca99ad8..4a10315 100644
--- a/src/evaluate_model.py
+++ b/src/evaluate_model.py
@@ -1,31 +1,70 @@
 import nemo.collections.asr as nemo_asr
 import json
 
-# Percorso al modello salvato e al manifesto di valutazione
-model_path = "asr_model.nemo"
-val_manifest = "val_manifest.json"
+class ASRInference:
+    def __init__(self, model_path, val_manifest, labels):
+        """
+        Classe per eseguire inferenze su file audio con un modello ASR addestrato.
 
-# Carica il modello addestrato
-asr_model = nemo_asr.models.EncDecClassificationModel.restore_from(model_path)
+        :param model_path: Percorso al modello salvato.
+        :param val_manifest: Percorso al file manifesto di valutazione contenente i percorsi degli audio.
+        :param labels: Lista delle etichette previste dal modello.
+        """
+        self.model = nemo_asr.models.EncDecClassificationModel.restore_from(model_path)
+        self.audio_paths = self.load_audio_paths(val_manifest)
+        self.labels = labels
 
-# Carica i percorsi dei file audio dal manifesto
-with open(val_manifest, 'r') as f:
-    audio_paths = [json.loads(line)["audio_filepath"] for line in f]
+    @staticmethod
+    def load_audio_paths(manifest_path):
+        """
+        Carica i percorsi dei file audio dal file manifesto.
 
-# Lista delle etichette in base all'ordine del tuo training
+        :param manifest_path: Percorso al manifesto.
+        :return: Lista dei percorsi dei file audio.
+        """
+        with open(manifest_path, 'r') as f:
+            return [json.loads(line)["audio_filepath"] for line in f]
+
+    def transcribe_audio(self):
+        """
+        Esegue la trascrizione dei file audio e restituisce le etichette predette.
+
+        :return: Lista di dizionari con percorso del file audio, indice e etichetta prevista.
+        """
+        transcriptions = self.model.transcribe(paths2audio_files=self.audio_paths)
+        results = []
+        
+        for path, transcription in zip(self.audio_paths, transcriptions):
+            predicted_index = transcription.item()  # Indice della previsione
+            predicted_label = self.labels[predicted_index]  # Etichetta associata
+            
+            results.append({
+                "audio_filepath": path,
+                "predicted_index": predicted_index,
+                "predicted_label": predicted_label
+            })
+        return results
+
+    def display_results(self):
+        """
+        Stampa i risultati delle trascrizioni con etichetta interpretata per ogni file audio.
+        """
+        results = self.transcribe_audio()
+        
+        for i, result in enumerate(results):
+            print(f"File Audio {i+1}: {result['audio_filepath']}")
+            print("Indice Previsione:", result["predicted_index"])
+            print("Trascrizione interpretata:", result["predicted_label"])
+
+
+# Parametri per l'inferenza
+model_path = "/home/giolinux/NLP_Project/asr_model.nemo"
+val_manifest = "/home/giolinux/NLP_Project/val_manifest.json"
 labels = [
     "avanti", "cammina", "continua", "corri", "destra", "esci",
     "fermo", "giu", "indietro", "pausa", "salta", "sinistra", "su", "vola"
 ]
 
-# Esegui la trascrizione su ciascun file audio
-transcriptions = asr_model.transcribe(paths2audio_files=audio_paths)
-
-# Visualizza le trascrizioni per ogni file audio con interpretazione delle etichette
-for i, transcription in enumerate(transcriptions):
-    predicted_index = transcription.item()  # Ottieni l'indice della previsione come intero
-    predicted_label = labels[predicted_index]  # Associa l'indice all'etichetta corretta
-    
-    print(f"File Audio {i+1}: {audio_paths[i]}")
-    print("Indice Previsione:", predicted_index)
-    print("Trascrizione interpretata:", predicted_label)
+# Esegui inferenza
+inference = ASRInference(model_path, val_manifest, labels)
+inference.display_results()
diff --git a/src/mainfest.py b/src/mainfest.py
deleted file mode 100644
index d6f6e4e..0000000
--- a/src/mainfest.py
+++ /dev/null
@@ -1,45 +0,0 @@
-
-# import nemo
-# import nemo.collections.asr as nemo_asr
-import os
-import json
-import soundfile as sf
-
-# Directory corretta dei file audio
-audio_dir = "/home/giolinux/NLP_Project/audio/greta1/"
-manifest_path = "data_manifest.json"
-
-# Lista che conterrà i dati per ogni file
-data_entries = []
-
-# Itera su ogni file nella directory
-for filename in os.listdir(audio_dir):
-    # Verifica che il file sia un file .wav
-    if filename.endswith(".wav"):
-        # Estrai la parola detta (dopo l'underscore) e rimuovi l'estensione
-        word_spoken = filename.split('_')[-1].replace('.wav', '')
-        
-        # Percorso completo del file
-        filepath = os.path.join(audio_dir, filename)
-        
-        # Calcola la durata dell'audio
-        with sf.SoundFile(filepath) as audio_file:
-            duration = len(audio_file) / audio_file.samplerate
-        
-        # Crea un dizionario per il file corrente
-        entry = {
-            "audio_filepath": filepath,
-            "duration": duration,
-            "label": word_spoken
-        }
-        
-        # Aggiungi l'entry alla lista
-        data_entries.append(entry)
-
-# Scrivi il manifest in un file JSON
-with open(manifest_path, 'w') as manifest_file:
-    for entry in data_entries:
-        json.dump(entry, manifest_file)
-        manifest_file.write('\n')  # Aggiungi una nuova riga tra le entries
-
-print(f"Manifest file creato con successo in {manifest_path}")
diff --git a/src/split_manifest.py b/src/split_manifest.py
index 7fd928d..519e191 100644
--- a/src/split_manifest.py
+++ b/src/split_manifest.py
@@ -1,19 +1,61 @@
+import os
 import json
+import soundfile as sf
 from sklearn.model_selection import train_test_split
 
-manifest_path = "/home/giolinux/NLP_Project/audio/greta1/data_manifest.json"
+# Directory principale contenente le directory con i file audio
+main_audio_dir = "/home/giolinux/NLP_Project/audio/"
+manifest_path = "data_manifest.json"
 train_manifest = "train_manifest.json"
 val_manifest = "val_manifest.json"
 
-with open(manifest_path, 'r') as f:
-    lines = f.readlines()
+# Lista che conterrà i dati per ogni file
+data_entries = []
 
-train_lines, val_lines = train_test_split(lines, test_size=0.2, random_state=42)
+# Esplora tutte le directory e sottodirectory
+for root, dirs, files in os.walk(main_audio_dir):
+    for filename in files:
+        if filename.endswith(".wav"):
+            filepath = os.path.join(root, filename)
+            try:
+                # Calcola la durata dell'audio
+                with sf.SoundFile(filepath) as audio_file:
+                    duration = len(audio_file) / audio_file.samplerate
+                
+                # Estrai la parola detta (dopo l'underscore) e rimuovi l'estensione
+                word_spoken = filename.split('_')[-1].replace('.wav', '')
 
-with open(train_manifest, 'w') as f:
-    f.writelines(train_lines)
+                # Crea un dizionario per il file corrente
+                entry = {
+                    "audio_filepath": filepath,
+                    "duration": duration,
+                    "label": word_spoken
+                }
+                data_entries.append(entry)
 
-with open(val_manifest, 'w') as f:
-    f.writelines(val_lines)
+            except RuntimeError:
+                print(f"File {filepath} non accessibile. Ignorato.")
 
-print("Data split into training and validation sets.")
+# Salva il manifest completo
+with open(manifest_path, 'w') as manifest_file:
+    for entry in data_entries:
+        json.dump(entry, manifest_file)
+        manifest_file.write('\n')
+
+print(f"Manifest file completo creato con successo in {manifest_path}")
+
+# Divide i dati in train e validation
+train_entries, val_entries = train_test_split(data_entries, test_size=0.2, random_state=42)
+
+# Salva i manifest separati per train e validation
+with open(train_manifest, 'w') as train_file:
+    for entry in train_entries:
+        json.dump(entry, train_file)
+        train_file.write('\n')
+
+with open(val_manifest, 'w') as val_file:
+    for entry in val_entries:
+        json.dump(entry, val_file)
+        val_file.write('\n')
+
+print("I dati sono stati divisi nei set di addestramento e validazione.")
diff --git a/src/train_asr_model.py b/src/train_asr_model.py
index 9f708fc..17105a2 100644
--- a/src/train_asr_model.py
+++ b/src/train_asr_model.py
@@ -3,23 +3,57 @@ import pytorch_lightning as pl
 from omegaconf import OmegaConf
 import nemo.collections.asr as nemo_asr
 from nemo.utils.exp_manager import exp_manager
+from pytorch_lightning.callbacks import EarlyStopping, ModelCheckpoint
+import torch
 
-# Load the configuration
-cfg = OmegaConf.load("config.yaml")
+# Assicurati di utilizzare alta precisione per moltiplicazioni
+torch.set_float32_matmul_precision('high')
 
-# Initialize the Trainer
-trainer = pl.Trainer(**cfg.trainer)
+# Carica il file di configurazione
+cfg = OmegaConf.load("/home/giolinux/NLP_Project/config.yaml")
 
-# Initialize the Model
-asr_model = nemo_asr.models.EncDecClassificationModel(cfg=cfg.model, trainer=trainer)
+# Imposta i checkpoint per salvare i migliori modelli
+checkpoint_callback = ModelCheckpoint(
+    monitor="val_loss",
+    mode="min",
+    save_top_k=3,
+    dirpath="./experiments/checkpoints",
+    filename="asr-{epoch:02d}-{val_loss:.2f}"
+)
 
-# Setup experiment manager
+# Trainer con configurazione base per semplificare il modello
+trainer = pl.Trainer(
+    max_epochs=cfg.trainer.max_epochs,
+    accelerator=cfg.trainer.accelerator,
+    devices=cfg.trainer.devices,
+    callbacks=[
+        EarlyStopping(monitor="val_loss", patience=7, mode="min"),
+        checkpoint_callback
+    ],
+    logger=False  # Disabilita il logger predefinito
+)
+
+# Configura l'exp_manager
 exp_manager(trainer, cfg.get("exp_manager", None))
 
-# Start training
+# Inizializza il modello con la configurazione di base
+asr_model = nemo_asr.models.EncDecClassificationModel(cfg=cfg.model)
+
+# Inizializza manualmente l'ottimizzatore per evitarne la mancanza
+asr_model._optimizer = torch.optim.Adam(asr_model.parameters(), lr=1e-4)
+
+# Imposta i dati di addestramento e validazione
+asr_model.setup_training_data(train_data_config=cfg.model.train_ds)
+asr_model.setup_validation_data(val_data_config=cfg.model.validation_ds)
+
+# Avvia l'addestramento
 trainer.fit(asr_model)
 
-# Save the trained model
-asr_model.save_to("asr_model.nemo")
+# Valuta il modello dopo l'addestramento
+trainer.validate(asr_model)
+
+# Salva il modello addestrato
+model_save_path = "asr_model_simple.nemo"
+asr_model.save_to(model_save_path)
 
-print("Training completed and model saved.")
+print(f"Training completato, modello salvato in {model_save_path}")
diff --git a/train_manifest.json b/train_manifest.json
index b8feb57..c816587 100644
--- a/train_manifest.json
+++ b/train_manifest.json
@@ -1,14 +1,93 @@
-{"audio_filepath": "/home/giolinux/NLP_Project/audio/greta1/greta1_corri.wav", "duration": 0.5950625, "label": "corri"}
-{"audio_filepath": "/home/giolinux/NLP_Project/audio/greta1/greta1_salta.wav", "duration": 0.80275, "label": "salta"}
-{"audio_filepath": "/home/giolinux/NLP_Project/audio/greta1/greta1_avanti.wav", "duration": 0.88325, "label": "avanti"}
-{"audio_filepath": "/home/giolinux/NLP_Project/audio/greta1/greta1_giu.wav", "duration": 0.6455625, "label": "giu"}
-{"audio_filepath": "/home/giolinux/NLP_Project/audio/greta1/greta1_esci.wav", "duration": 0.7803125, "label": "esci"}
-{"audio_filepath": "/home/giolinux/NLP_Project/audio/greta1/greta1_continua.wav", "duration": 0.877625, "label": "continua"}
+{"audio_filepath": "/home/giolinux/NLP_Project/audio/mary1/mary1_indietro_augmented.wav", "duration": 1.41975, "label": "augmented"}
 {"audio_filepath": "/home/giolinux/NLP_Project/audio/greta1/greta1_indietro.wav", "duration": 0.94875, "label": "indietro"}
-{"audio_filepath": "/home/giolinux/NLP_Project/audio/greta1/greta1_sinistra.wav", "duration": 0.885125, "label": "sinistra"}
-{"audio_filepath": "/home/giolinux/NLP_Project/audio/greta1/greta1_pausa.wav", "duration": 0.873875, "label": "pausa"}
-{"audio_filepath": "/home/giolinux/NLP_Project/audio/greta1/greta1_cammina.wav", "duration": 0.8533125, "label": "cammina"}
+{"audio_filepath": "/home/giolinux/NLP_Project/audio/mary2/mary2_continua_augmented.wav", "duration": 1.33925, "label": "augmented"}
+{"audio_filepath": "/home/giolinux/NLP_Project/audio/mary1/mary1_salta.wav", "duration": 1.1989375, "label": "salta"}
+{"audio_filepath": "/home/giolinux/NLP_Project/audio/tes1/tes1_indietro.wav", "duration": 0.8014375, "label": "indietro"}
+{"audio_filepath": "/home/giolinux/NLP_Project/audio/mary1/mary1_sinistra_augmented.wav", "duration": 1.626, "label": "augmented"}
+{"audio_filepath": "/home/giolinux/NLP_Project/audio/cristina1/cristina1_cammina.wav", "duration": 0.7871666666666667, "label": "cammina"}
+{"audio_filepath": "/home/giolinux/NLP_Project/audio/greta1/greta1_esci.wav", "duration": 0.7803125, "label": "esci"}
+{"audio_filepath": "/home/giolinux/NLP_Project/audio/greta1/greta1_vola_augmented.wav", "duration": 0.8283125, "label": "augmented"}
+{"audio_filepath": "/home/giolinux/NLP_Project/audio/mary2/mary2_avanti.wav", "duration": 1.28475, "label": "avanti"}
 {"audio_filepath": "/home/giolinux/NLP_Project/audio/greta1/greta1_fermo.wav", "duration": 0.6755625, "label": "fermo"}
-{"audio_filepath": "/home/giolinux/NLP_Project/audio/greta1/greta1_destra.wav", "duration": 0.8345625, "label": "destra"}
-{"audio_filepath": "/home/giolinux/NLP_Project/audio/greta1/greta1_su.wav", "duration": 0.67175, "label": "su"}
+{"audio_filepath": "/home/giolinux/NLP_Project/audio/mary2/mary2_cammina_augmented.wav", "duration": 1.075375, "label": "augmented"}
+{"audio_filepath": "/home/giolinux/NLP_Project/audio/mary1/mary1_fermo_augmented.wav", "duration": 1.2768125, "label": "augmented"}
+{"audio_filepath": "/home/giolinux/NLP_Project/audio/mary2/mary2_avanti_augmented.wav", "duration": 1.2032708333333333, "label": "augmented"}
+{"audio_filepath": "/home/giolinux/NLP_Project/audio/cristina1/cristina1_destra.wav", "duration": 0.7139375, "label": "destra"}
+{"audio_filepath": "/home/giolinux/NLP_Project/audio/greta1/greta1_pausa_augmented.wav", "duration": 0.9459375, "label": "augmented"}
+{"audio_filepath": "/home/giolinux/NLP_Project/audio/mary2/mary2_fermo_augmented.wav", "duration": 1.0673125, "label": "augmented"}
+{"audio_filepath": "/home/giolinux/NLP_Project/audio/mary2/mary2_corri.wav", "duration": 0.8806875, "label": "corri"}
+{"audio_filepath": "/home/giolinux/NLP_Project/audio/greta1/greta1_corri_augmented.wav", "duration": 0.5413125, "label": "augmented"}
+{"audio_filepath": "/home/giolinux/NLP_Project/audio/mary1/mary1_corri_augmented.wav", "duration": 0.950125, "label": "augmented"}
+{"audio_filepath": "/home/giolinux/NLP_Project/audio/greta1/greta1_cammina_augmented.wav", "duration": 0.803, "label": "augmented"}
+{"audio_filepath": "/home/giolinux/NLP_Project/audio/greta1/greta1_giu.wav", "duration": 0.6455625, "label": "giu"}
+{"audio_filepath": "/home/giolinux/NLP_Project/audio/mary2/mary2_destra.wav", "duration": 1.222625, "label": "destra"}
+{"audio_filepath": "/home/giolinux/NLP_Project/audio/mary2/mary2_sinistra_augmented.wav", "duration": 1.298625, "label": "augmented"}
+{"audio_filepath": "/home/giolinux/NLP_Project/audio/mary1/mary1_avanti_augmented.wav", "duration": 1.3005625, "label": "augmented"}
 {"audio_filepath": "/home/giolinux/NLP_Project/audio/greta1/greta1_vola.wav", "duration": 0.750375, "label": "vola"}
+{"audio_filepath": "/home/giolinux/NLP_Project/audio/mary2/mary2_esci.wav", "duration": 0.771875, "label": "esci"}
+{"audio_filepath": "/home/giolinux/NLP_Project/audio/tes1/tes1_salta.wav", "duration": 0.7031875, "label": "salta"}
+{"audio_filepath": "/home/giolinux/NLP_Project/audio/mary1/mary1_giu_augmented.wav", "duration": 0.8974375, "label": "augmented"}
+{"audio_filepath": "/home/giolinux/NLP_Project/audio/mary2/mary2_cammina.wav", "duration": 1.129375, "label": "cammina"}
+{"audio_filepath": "/home/giolinux/NLP_Project/audio/greta1/greta1_destra_augmented.wav", "duration": 0.818625, "label": "augmented"}
+{"audio_filepath": "/home/giolinux/NLP_Project/audio/greta1/greta1_destra.wav", "duration": 0.8345625, "label": "destra"}
+{"audio_filepath": "/home/giolinux/NLP_Project/audio/mary2/mary2_esci_augmented.wav", "duration": 0.8299375, "label": "augmented"}
+{"audio_filepath": "/home/giolinux/NLP_Project/audio/mary1/mary1_su_augmented.wav", "duration": 0.696625, "label": "augmented"}
+{"audio_filepath": "/home/giolinux/NLP_Project/audio/laura1/laura1_vola.wav", "duration": 1.033875, "label": "vola"}
+{"audio_filepath": "/home/giolinux/NLP_Project/audio/laura1/laura1_destra.wav", "duration": 0.760375, "label": "destra"}
+{"audio_filepath": "/home/giolinux/NLP_Project/audio/mary2/mary2_salta.wav", "duration": 1.1034375, "label": "salta"}
+{"audio_filepath": "/home/giolinux/NLP_Project/audio/mary1/mary1_pausa.wav", "duration": 1.11175, "label": "pausa"}
+{"audio_filepath": "/home/giolinux/NLP_Project/audio/laura1/laura1_esci.wav", "duration": 0.5980625, "label": "esci"}
+{"audio_filepath": "/home/giolinux/NLP_Project/audio/mary2/mary2_giu_augmented.wav", "duration": 0.7750625, "label": "augmented"}
+{"audio_filepath": "/home/giolinux/NLP_Project/audio/mary1/mary1_continua.wav", "duration": 1.3515625, "label": "continua"}
+{"audio_filepath": "/home/giolinux/NLP_Project/audio/cristina1/cristina1_pausa.wav", "duration": 0.6278958333333333, "label": "pausa"}
+{"audio_filepath": "/home/giolinux/NLP_Project/audio/mary1/mary1_destra_augmented.wav", "duration": 1.1669375, "label": "augmented"}
+{"audio_filepath": "/home/giolinux/NLP_Project/audio/mary1/mary1_su.wav", "duration": 0.7085, "label": "su"}
+{"audio_filepath": "/home/giolinux/NLP_Project/audio/mary2/mary2_sinistra.wav", "duration": 1.388375, "label": "sinistra"}
+{"audio_filepath": "/home/giolinux/NLP_Project/audio/laura1/laura1_giu.wav", "duration": 0.6536875, "label": "giu"}
+{"audio_filepath": "/home/giolinux/NLP_Project/audio/mary1/mary1_vola.wav", "duration": 0.9591875, "label": "vola"}
+{"audio_filepath": "/home/giolinux/NLP_Project/audio/greta1/greta1_continua.wav", "duration": 0.877625, "label": "continua"}
+{"audio_filepath": "/home/giolinux/NLP_Project/audio/laura1/laura1_salta.wav", "duration": 0.7943125, "label": "salta"}
+{"audio_filepath": "/home/giolinux/NLP_Project/audio/cristina1/cristina1_indietro.wav", "duration": 0.8878541666666667, "label": "indietro"}
+{"audio_filepath": "/home/giolinux/NLP_Project/audio/tes1/tes1_destra.wav", "duration": 0.7430625, "label": "destra"}
+{"audio_filepath": "/home/giolinux/NLP_Project/audio/tes1/tes1_avanti.wav", "duration": 0.7195625, "label": "avanti"}
+{"audio_filepath": "/home/giolinux/NLP_Project/audio/greta1/greta1_fermo_augmented.wav", "duration": 0.6920625, "label": "augmented"}
+{"audio_filepath": "/home/giolinux/NLP_Project/audio/mary2/mary2_giu.wav", "duration": 0.72525, "label": "giu"}
+{"audio_filepath": "/home/giolinux/NLP_Project/audio/greta1/greta1_sinistra_augmented.wav", "duration": 0.974125, "label": "augmented"}
+{"audio_filepath": "/home/giolinux/NLP_Project/audio/tes1/tes1_continua.wav", "duration": 0.7205, "label": "continua"}
+{"audio_filepath": "/home/giolinux/NLP_Project/audio/cristina1/cristina1_sinistra.wav", "duration": 0.8146041666666667, "label": "sinistra"}
+{"audio_filepath": "/home/giolinux/NLP_Project/audio/greta1/greta1_pausa.wav", "duration": 0.873875, "label": "pausa"}
+{"audio_filepath": "/home/giolinux/NLP_Project/audio/laura1/laura1_avanti.wav", "duration": 0.6645, "label": "avanti"}
+{"audio_filepath": "/home/giolinux/NLP_Project/audio/mary2/mary2_fermo.wav", "duration": 1.036125, "label": "fermo"}
+{"audio_filepath": "/home/giolinux/NLP_Project/audio/tes1/tes1_fermo.wav", "duration": 0.584875, "label": "fermo"}
+{"audio_filepath": "/home/giolinux/NLP_Project/audio/mary2/mary2_pausa_augmented.wav", "duration": 0.9504375, "label": "augmented"}
+{"audio_filepath": "/home/giolinux/NLP_Project/audio/cristina1/cristina1_giu.wav", "duration": 0.41920833333333335, "label": "giu"}
+{"audio_filepath": "/home/giolinux/NLP_Project/audio/tes1/tes1_corri.wav", "duration": 0.52375, "label": "corri"}
+{"audio_filepath": "/home/giolinux/NLP_Project/audio/greta1/greta1_avanti.wav", "duration": 0.88325, "label": "avanti"}
+{"audio_filepath": "/home/giolinux/NLP_Project/audio/mary2/mary2_pausa.wav", "duration": 0.9014375, "label": "pausa"}
+{"audio_filepath": "/home/giolinux/NLP_Project/audio/cristina1/cristina1_avanti.wav", "duration": 0.7342708333333333, "label": "avanti"}
+{"audio_filepath": "/home/giolinux/NLP_Project/audio/tes1/tes1_esci.wav", "duration": 0.57425, "label": "esci"}
+{"audio_filepath": "/home/giolinux/NLP_Project/audio/tes1/tes1_pausa.wav", "duration": 0.57025, "label": "pausa"}
+{"audio_filepath": "/home/giolinux/NLP_Project/audio/laura1/laura1_sinistra.wav", "duration": 0.8839375, "label": "sinistra"}
+{"audio_filepath": "/home/giolinux/NLP_Project/audio/mary2/mary2_vola_augmented.wav", "duration": 1.001875, "label": "augmented"}
+{"audio_filepath": "/home/giolinux/NLP_Project/audio/mary2/mary2_vola.wav", "duration": 1.0205625, "label": "vola"}
+{"audio_filepath": "/home/giolinux/NLP_Project/audio/cristina1/cristina1_corri.wav", "duration": 0.6425416666666667, "label": "corri"}
+{"audio_filepath": "/home/giolinux/NLP_Project/audio/mary1/mary1_giu.wav", "duration": 0.8175, "label": "giu"}
+{"audio_filepath": "/home/giolinux/NLP_Project/audio/tes1/tes1_su.wav", "duration": 0.4373125, "label": "su"}
+{"audio_filepath": "/home/giolinux/NLP_Project/audio/mary1/mary1_esci_augmented.wav", "duration": 0.8991875, "label": "augmented"}
+{"audio_filepath": "/home/giolinux/NLP_Project/audio/mary1/mary1_indietro.wav", "duration": 1.4335625, "label": "indietro"}
+{"audio_filepath": "/home/giolinux/NLP_Project/audio/mary1/mary1_esci.wav", "duration": 0.937375, "label": "esci"}
+{"audio_filepath": "/home/giolinux/NLP_Project/audio/laura1/laura1_cammina.wav", "duration": 0.956625, "label": "cammina"}
+{"audio_filepath": "/home/giolinux/NLP_Project/audio/greta1/greta1_corri.wav", "duration": 0.5950625, "label": "corri"}
+{"audio_filepath": "/home/giolinux/NLP_Project/audio/cristina1/cristina1_esci.wav", "duration": 0.5565, "label": "esci"}
+{"audio_filepath": "/home/giolinux/NLP_Project/audio/greta1/greta1_sinistra.wav", "duration": 0.885125, "label": "sinistra"}
+{"audio_filepath": "/home/giolinux/NLP_Project/audio/greta1/greta1_salta_augmented.wav", "duration": 0.8545, "label": "augmented"}
+{"audio_filepath": "/home/giolinux/NLP_Project/audio/greta1/greta1_indietro_augmented.wav", "duration": 0.9698125, "label": "augmented"}
+{"audio_filepath": "/home/giolinux/NLP_Project/audio/cristina1/cristina1_fermo.wav", "duration": 0.6370416666666666, "label": "fermo"}
+{"audio_filepath": "/home/giolinux/NLP_Project/audio/mary1/mary1_corri.wav", "duration": 1.0136875, "label": "corri"}
+{"audio_filepath": "/home/giolinux/NLP_Project/audio/tes1/tes1_giu.wav", "duration": 0.501125, "label": "giu"}
+{"audio_filepath": "/home/giolinux/NLP_Project/audio/greta1/greta1_salta.wav", "duration": 0.80275, "label": "salta"}
+{"audio_filepath": "/home/giolinux/NLP_Project/audio/cristina1/cristina1_continua.wav", "duration": 0.8585625, "label": "continua"}
+{"audio_filepath": "/home/giolinux/NLP_Project/audio/mary1/mary1_avanti.wav", "duration": 1.3873125, "label": "avanti"}
+{"audio_filepath": "/home/giolinux/NLP_Project/audio/laura1/laura1_corri.wav", "duration": 0.4620625, "label": "corri"}
+{"audio_filepath": "/home/giolinux/NLP_Project/audio/tes1/tes1_cammina.wav", "duration": 0.666, "label": "cammina"}
+{"audio_filepath": "/home/giolinux/NLP_Project/audio/laura1/laura1_fermo.wav", "duration": 0.6181875, "label": "fermo"}
diff --git a/val_manifest.json b/val_manifest.json
index d8b46f4..349c10a 100644
--- a/val_manifest.json
+++ b/val_manifest.json
@@ -1 +1,24 @@
-{"audio_filepath": "/home/giolinux/NLP_Project/audio/greta1/greta1_destra.wav", "duration": 0.8345625, "label": "destra"}
+{"audio_filepath": "/home/giolinux/NLP_Project/audio/mary2/mary2_su.wav", "duration": 0.6579375, "label": "su"}
+{"audio_filepath": "/home/giolinux/NLP_Project/audio/mary1/mary1_vola_augmented.wav", "duration": 1.0351875, "label": "augmented"}
+{"audio_filepath": "/home/giolinux/NLP_Project/audio/tes1/tes1_sinistra.wav", "duration": 0.7540625, "label": "sinistra"}
+{"audio_filepath": "/home/giolinux/NLP_Project/audio/mary2/mary2_continua.wav", "duration": 1.222625, "label": "continua"}
+{"audio_filepath": "/home/giolinux/NLP_Project/audio/mary1/mary1_fermo.wav", "duration": 1.22075, "label": "fermo"}
+{"audio_filepath": "/home/giolinux/NLP_Project/audio/greta1/greta1_su.wav", "duration": 0.67175, "label": "su"}
+{"audio_filepath": "/home/giolinux/NLP_Project/audio/greta1/greta1_avanti_augmented.wav", "duration": 0.927375, "label": "augmented"}
+{"audio_filepath": "/home/giolinux/NLP_Project/audio/laura1/laura1_pausa.wav", "duration": 1.118875, "label": "pausa"}
+{"audio_filepath": "/home/giolinux/NLP_Project/audio/mary2/mary2_indietro.wav", "duration": 1.388375, "label": "indietro"}
+{"audio_filepath": "/home/giolinux/NLP_Project/audio/mary1/mary1_destra.wav", "duration": 1.2023125, "label": "destra"}
+{"audio_filepath": "/home/giolinux/NLP_Project/audio/mary2/mary2_salta_augmented.wav", "duration": 1.13225, "label": "augmented"}
+{"audio_filepath": "/home/giolinux/NLP_Project/audio/mary2/mary2_destra_augmented.wav", "duration": 1.3545, "label": "augmented"}
+{"audio_filepath": "/home/giolinux/NLP_Project/audio/laura1/laura1_su.wav", "duration": 0.4311875, "label": "su"}
+{"audio_filepath": "/home/giolinux/NLP_Project/audio/cristina1/cristina1_vola.wav", "duration": 0.5967708333333334, "label": "vola"}
+{"audio_filepath": "/home/giolinux/NLP_Project/audio/mary1/mary1_cammina_augmented.wav", "duration": 1.2990625, "label": "augmented"}
+{"audio_filepath": "/home/giolinux/NLP_Project/audio/mary1/mary1_sinistra.wav", "duration": 1.71125, "label": "sinistra"}
+{"audio_filepath": "/home/giolinux/NLP_Project/audio/tes1/tes1_vola.wav", "duration": 0.5476875, "label": "vola"}
+{"audio_filepath": "/home/giolinux/NLP_Project/audio/cristina1/cristina1_salta.wav", "duration": 0.5912708333333333, "label": "salta"}
+{"audio_filepath": "/home/giolinux/NLP_Project/audio/greta1/greta1_continua_augmented.wav", "duration": 0.8945, "label": "augmented"}
+{"audio_filepath": "/home/giolinux/NLP_Project/audio/laura1/laura1_continua.wav", "duration": 0.710875, "label": "continua"}
+{"audio_filepath": "/home/giolinux/NLP_Project/audio/greta1/greta1_cammina.wav", "duration": 0.8533125, "label": "cammina"}
+{"audio_filepath": "/home/giolinux/NLP_Project/audio/laura1/laura1_indietro.wav", "duration": 0.72325, "label": "indietro"}
+{"audio_filepath": "/home/giolinux/NLP_Project/audio/cristina1/cristina1_su.wav", "duration": 0.44483333333333336, "label": "su"}
+{"audio_filepath": "/home/giolinux/NLP_Project/audio/mary1/mary1_cammina.wav", "duration": 1.373375, "label": "cammina"}
